Case #1: 15 25
Case #2: 0 0
Case #3: 81 567
Case #4: 181 244
Case #5: 0 0
Case #6: 5000000 5000000
Case #7: 10000 9990000
Case #8: 3770 10655
Case #9: 11762 17261
Case #10: 13059 28177
Case #11: 10942 30012
Case #12: 15650 32841
Case #13: 13022 31078
Case #14: 10959 50555
Case #15: 18713 51813
Case #16: 31892 50681
Case #17: 13838 28507
Case #18: 21642 44897
Case #19: 24208 53417
Case #20: 27016 64791
Case #21: 27651 89668
Case #22: 34945 83189
Case #23: 31713 90353
Case #24: 28651 92496
Case #25: 42390 85340
Case #26: 39582 99059
Case #27: 42590 131506
Case #28: 33826 109337
Case #29: 39369 142838
Case #30: 53009 119517
Case #31: 42020 132765
Case #32: 50140 123746
Case #33: 54000 129001
Case #34: 65414 154076
Case #35: 46142 135508
Case #36: 58149 155064
Case #37: 50540 144671
Case #38: 40757 148919
Case #39: 55477 174589
Case #40: 70667 180138
Case #41: 68243 166907
Case #42: 82577 185814
Case #43: 67721 173111
Case #44: 56778 201641
Case #45: 54550 208400
Case #46: 54881 194025
Case #47: 66666 226048
Case #48: 66515 190205
Case #49: 59229 157300
Case #50: 90831 193031
Case #51: 83261 216440
Case #52: 87245 218032
Case #53: 78902 229767
Case #54: 1667803 4930143
Case #55: 1724810 4785492
Case #56: 1688562 5034141
Case #57: 1679223 4982660
Case #58: 1719545 4815936
Case #59: 1651590 5166728
Case #60: 1648735 5012072
Case #61: 1710451 4947371
Case #62: 1667188 5036396
Case #63: 1706939 4996565
Case #64: 1675298 4887131
Case #65: 1660790 5010719
Case #66: 1660468 5000578
Case #67: 1768064 4941584
Case #68: 1622125 5057750
Case #69: 1709139 4906581
Case #70: 1630644 4961107
Case #71: 1676744 5051259
Case #72: 1674612 5031411
Case #73: 1669097 5027725
Case #74: 1615476 4856339
Case #75: 1651118 5149567
Case #76: 1703707 5144024
Case #77: 1622102 4919975
Case #78: 1647648 5112425
Case #79: 1732858 4886713
Case #80: 1602337 4939833
Case #81: 1685736 4936852
Case #82: 1690896 4994108
Case #83: 1664850 4941469
Case #84: 1723265 5047541
Case #85: 1630638 5012237
Case #86: 1643037 5016922
Case #87: 1695905 5033700
Case #88: 1619561 5029252
Case #89: 1653720 5078106
Case #90: 1714321 4997771
Case #91: 1608730 5031337
Case #92: 1679549 5015519
Case #93: 1685368 4975919
Case #94: 1717719 4903255
Case #95: 1637234 5042379
Case #96: 1682179 5085410
Case #97: 1666908 5056871
Case #98: 1656986 4823173
Case #99: 1647254 4935881
Case #100: 1694397 5019925
