Case #1: 15 25
Case #2: 0 0
Case #3: 81 567
Case #4: 181 244
Case #5: 0 0
Case #6: 500 500
Case #7: 100 900
Case #8: 29 83
Case #9: 101 241
Case #10: 89 198
Case #11: 121 226
Case #12: 170 394
Case #13: 130 468
Case #14: 170 321
Case #15: 137 390
Case #16: 216 449
Case #17: 110 196
Case #18: 147 417
Case #19: 156 376
Case #20: 177 400
Case #21: 91 302
Case #22: 182 373
Case #23: 100 307
Case #24: 139 286
Case #25: 149 524
Case #26: 124 323
Case #27: 181 367
Case #28: 111 279
Case #29: 244 405
Case #30: 137 395
Case #31: 103 436
Case #32: 168 412
Case #33: 91 233
Case #34: 121 312
Case #35: 128 293
Case #36: 151 645
Case #37: 168 364
Case #38: 234 480
Case #39: 157 378
Case #40: 136 399
Case #41: 157 377
Case #42: 133 390
Case #43: 131 371
Case #44: 162 391
Case #45: 151 412
Case #46: 127 495
Case #47: 109 398
Case #48: 210 288
Case #49: 188 506
Case #50: 111 285
Case #51: 233 417
Case #52: 223 505
Case #53: 226 413
Case #54: 152 455
Case #55: 91 432
Case #56: 221 312
Case #57: 166 367
Case #58: 90 425
Case #59: 95 328
Case #60: 133 248
Case #61: 162 449
Case #62: 131 320
Case #63: 201 333
Case #64: 119 487
Case #65: 181 420
Case #66: 175 379
Case #67: 103 271
Case #68: 247 472
Case #69: 223 497
Case #70: 171 443
Case #71: 227 399
Case #72: 168 274
Case #73: 254 435
Case #74: 171 490
Case #75: 165 493
Case #76: 141 324
Case #77: 178 498
Case #78: 96 298
Case #79: 170 413
Case #80: 179 548
Case #81: 223 328
Case #82: 132 299
Case #83: 221 482
Case #84: 127 375
Case #85: 200 437
Case #86: 173 506
Case #87: 241 454
Case #88: 145 405
Case #89: 155 433
Case #90: 209 349
Case #91: 97 227
Case #92: 201 337
Case #93: 141 376
Case #94: 132 340
Case #95: 123 247
Case #96: 89 371
Case #97: 152 536
Case #98: 196 423
Case #99: 97 268
Case #100: 164 386
