mktextfm sourcecodepro
mktextfm sourcecodepro
mktextfm sourcecodepro
mktextfm sourcecodepro
mktextfm sourcecodepro/B
mktextfm sourcecodepro
mktextfm sourcecodepro/I
mktextfm sourcecodepro
mktextfm sourcecodepro/BI
mktextfm Latin/ICU
mktextfm Latin/ICU
mktextfm Latin/ICU
mktextfm Latin/ICU
mktextfm Latin/B/ICU
mktextfm Latin/ICU
mktextfm Latin/I/ICU
mktextfm Latin/ICU
mktextfm Latin/BI/ICU
mktextfm BiauKai/ICU
mktextfm BiauKai/ICU
mktextfm BiauKai/ICU
mktextfm BiauKai/ICU
mktextfm BiauKai/B/ICU
mktextfm BiauKai/ICU
mktextfm BiauKai/I/ICU
mktextfm BiauKai/ICU
mktextfm BiauKai/BI/ICU
